0 info it worked if it ends with ok
1 verbose cli [ 'C:\\Program Files\\nodejs\\node.exe',
1 verbose cli   'C:\\Program Files\\nodejs\\node_modules\\npm\\bin\\npm-cli.js',
1 verbose cli   'i',
1 verbose cli   'models',
1 verbose cli   '--save' ]
2 info using npm@3.10.8
3 info using node@v6.9.1
4 silly loadCurrentTree Starting
5 silly install loadCurrentTree
6 silly install readLocalPackageData
7 silly fetchPackageMetaData models
8 silly fetchNamedPackageData models
9 silly mapToRegistry name models
10 silly mapToRegistry using default registry
11 silly mapToRegistry registry https://registry.npm.taobao.org/
12 silly mapToRegistry data Result {
12 silly mapToRegistry   raw: 'models',
12 silly mapToRegistry   scope: null,
12 silly mapToRegistry   escapedName: 'models',
12 silly mapToRegistry   name: 'models',
12 silly mapToRegistry   rawSpec: '',
12 silly mapToRegistry   spec: 'latest',
12 silly mapToRegistry   type: 'tag' }
13 silly mapToRegistry uri https://registry.npm.taobao.org/models
14 verbose request uri https://registry.npm.taobao.org/models
15 verbose request no auth needed
16 info attempt registry request try #1 at 14:32:07
17 verbose request id 4b9b19af4be10a48
18 verbose etag "1031-k64q5zzR+RqfMVNygPsnAA"
19 http request GET https://registry.npm.taobao.org/models
20 http 304 https://registry.npm.taobao.org/models
21 verbose headers { date: 'Fri, 09 Dec 2016 06:31:44 GMT',
21 verbose headers   connection: 'keep-alive',
21 verbose headers   'x-current-requests': '1',
21 verbose headers   etag: '"1031-k64q5zzR+RqfMVNygPsnAA"',
21 verbose headers   'x-readtime': '19' }
22 silly get cb [ 304,
22 silly get   { date: 'Fri, 09 Dec 2016 06:31:44 GMT',
22 silly get     connection: 'keep-alive',
22 silly get     'x-current-requests': '1',
22 silly get     etag: '"1031-k64q5zzR+RqfMVNygPsnAA"',
22 silly get     'x-readtime': '19' } ]
23 verbose etag https://registry.npm.taobao.org/models from cache
24 verbose get saving models to C:\Users\Administrator\AppData\Roaming\npm-cache\registry.npm.taobao.org\models\.cache.json
25 verbose correctMkdir C:\Users\Administrator\AppData\Roaming\npm-cache correctMkdir not in flight; initializing
26 silly install normalizeTree
27 silly loadCurrentTree Finishing
28 silly loadIdealTree Starting
29 silly install loadIdealTree
30 silly cloneCurrentTree Starting
31 silly install cloneCurrentTreeToIdealTree
32 silly cloneCurrentTree Finishing
33 silly loadShrinkwrap Starting
34 silly install loadShrinkwrap
35 silly loadShrinkwrap Finishing
36 silly loadAllDepsIntoIdealTree Starting
37 silly install loadAllDepsIntoIdealTree
38 silly resolveWithNewModule models@0.2.0 checking installable status
39 silly cache add args [ 'models', null ]
40 verbose cache add spec models
41 silly cache add parsed spec Result {
41 silly cache add   raw: 'models',
41 silly cache add   scope: null,
41 silly cache add   escapedName: 'models',
41 silly cache add   name: 'models',
41 silly cache add   rawSpec: '',
41 silly cache add   spec: 'latest',
41 silly cache add   type: 'tag' }
42 silly addNamed models@latest
43 verbose addNamed "latest" is being treated as a dist-tag for models
44 info addNameTag [ 'models', 'latest' ]
45 silly mapToRegistry name models
46 silly mapToRegistry using default registry
47 silly mapToRegistry registry https://registry.npm.taobao.org/
48 silly mapToRegistry data Result {
48 silly mapToRegistry   raw: 'models',
48 silly mapToRegistry   scope: null,
48 silly mapToRegistry   escapedName: 'models',
48 silly mapToRegistry   name: 'models',
48 silly mapToRegistry   rawSpec: '',
48 silly mapToRegistry   spec: 'latest',
48 silly mapToRegistry   type: 'tag' }
49 silly mapToRegistry uri https://registry.npm.taobao.org/models
50 verbose addNameTag registry:https://registry.npm.taobao.org/models not in flight; fetching
51 verbose get https://registry.npm.taobao.org/models not expired, no request
52 silly addNameTag next cb for models with tag latest
53 silly addNamed models@0.2.0
54 verbose addNamed "0.2.0" is a plain semver version for models
55 silly cache afterAdd models@0.2.0
56 verbose afterAdd C:\Users\Administrator\AppData\Roaming\npm-cache\models\0.2.0\package\package.json not in flight; writing
57 verbose correctMkdir C:\Users\Administrator\AppData\Roaming\npm-cache correctMkdir not in flight; initializing
58 verbose afterAdd C:\Users\Administrator\AppData\Roaming\npm-cache\models\0.2.0\package\package.json written
59 silly fetchNamedPackageData graphquire
60 silly mapToRegistry name graphquire
61 silly mapToRegistry using default registry
62 silly mapToRegistry registry https://registry.npm.taobao.org/
63 silly mapToRegistry data Result {
63 silly mapToRegistry   raw: 'graphquire',
63 silly mapToRegistry   scope: null,
63 silly mapToRegistry   escapedName: 'graphquire',
63 silly mapToRegistry   name: 'graphquire',
63 silly mapToRegistry   rawSpec: '',
63 silly mapToRegistry   spec: 'latest',
63 silly mapToRegistry   type: 'tag' }
64 silly mapToRegistry uri https://registry.npm.taobao.org/graphquire
65 verbose request uri https://registry.npm.taobao.org/graphquire
66 verbose request no auth needed
67 info attempt registry request try #1 at 14:32:08
68 verbose etag "407b-HlVLsFBmQTwJjX4u20FfAA"
69 http request GET https://registry.npm.taobao.org/graphquire
70 http 304 https://registry.npm.taobao.org/graphquire
71 verbose headers { date: 'Fri, 09 Dec 2016 06:31:44 GMT',
71 verbose headers   connection: 'keep-alive',
71 verbose headers   'x-current-requests': '1',
71 verbose headers   etag: '"407b-HlVLsFBmQTwJjX4u20FfAA"',
71 verbose headers   'x-readtime': '15' }
72 silly get cb [ 304,
72 silly get   { date: 'Fri, 09 Dec 2016 06:31:44 GMT',
72 silly get     connection: 'keep-alive',
72 silly get     'x-current-requests': '1',
72 silly get     etag: '"407b-HlVLsFBmQTwJjX4u20FfAA"',
72 silly get     'x-readtime': '15' } ]
73 verbose etag https://registry.npm.taobao.org/graphquire from cache
74 verbose get saving graphquire to C:\Users\Administrator\AppData\Roaming\npm-cache\registry.npm.taobao.org\graphquire\.cache.json
75 verbose correctMkdir C:\Users\Administrator\AppData\Roaming\npm-cache correctMkdir not in flight; initializing
76 silly resolveWithNewModule graphquire@0.8.0 checking installable status
77 silly cache add args [ 'graphquire@>=0.8.0', null ]
78 verbose cache add spec graphquire@>=0.8.0
79 silly cache add parsed spec Result {
79 silly cache add   raw: 'graphquire@>=0.8.0',
79 silly cache add   scope: null,
79 silly cache add   escapedName: 'graphquire',
79 silly cache add   name: 'graphquire',
79 silly cache add   rawSpec: '>=0.8.0',
79 silly cache add   spec: '>=0.8.0',
79 silly cache add   type: 'range' }
80 silly addNamed graphquire@>=0.8.0
81 verbose addNamed ">=0.8.0" is a valid semver range for graphquire
82 silly addNameRange { name: 'graphquire', range: '>=0.8.0', hasData: false }
83 silly mapToRegistry name graphquire
84 silly mapToRegistry using default registry
85 silly mapToRegistry registry https://registry.npm.taobao.org/
86 silly mapToRegistry data Result {
86 silly mapToRegistry   raw: 'graphquire',
86 silly mapToRegistry   scope: null,
86 silly mapToRegistry   escapedName: 'graphquire',
86 silly mapToRegistry   name: 'graphquire',
86 silly mapToRegistry   rawSpec: '',
86 silly mapToRegistry   spec: 'latest',
86 silly mapToRegistry   type: 'tag' }
87 silly mapToRegistry uri https://registry.npm.taobao.org/graphquire
88 verbose addNameRange registry:https://registry.npm.taobao.org/graphquire not in flight; fetching
89 verbose get https://registry.npm.taobao.org/graphquire not expired, no request
90 silly addNameRange number 2 { name: 'graphquire', range: '>=0.8.0', hasData: true }
91 silly addNameRange versions [ 'graphquire',
91 silly addNameRange   [ '0.8.0',
91 silly addNameRange     '0.7.0',
91 silly addNameRange     '0.6.1',
91 silly addNameRange     '0.6.0',
91 silly addNameRange     '0.5.5',
91 silly addNameRange     '0.5.4',
91 silly addNameRange     '0.5.3',
91 silly addNameRange     '0.5.2',
91 silly addNameRange     '0.5.1',
91 silly addNameRange     '0.5.0',
91 silly addNameRange     '0.4.0',
91 silly addNameRange     '0.3.0',
91 silly addNameRange     '0.2.0' ] ]
92 silly addNamed graphquire@0.8.0
93 verbose addNamed "0.8.0" is a plain semver version for graphquire
94 silly cache afterAdd graphquire@0.8.0
95 verbose afterAdd C:\Users\Administrator\AppData\Roaming\npm-cache\graphquire\0.8.0\package\package.json not in flight; writing
96 verbose correctMkdir C:\Users\Administrator\AppData\Roaming\npm-cache correctMkdir not in flight; initializing
97 verbose afterAdd C:\Users\Administrator\AppData\Roaming\npm-cache\graphquire\0.8.0\package\package.json written
98 silly loadAllDepsIntoIdealTree Finishing
99 silly loadIdealTree Finishing
100 silly currentTree bookapp@0.0.0
100 silly currentTree +-- accepts@1.3.3
100 silly currentTree +-- acorn-globals@1.0.9
100 silly currentTree +-- acorn@2.7.0
100 silly currentTree +-- amdefine@1.0.1
100 silly currentTree +-- ansi-regex@2.0.0
100 silly currentTree +-- ansi-styles@2.2.1
100 silly currentTree +-- append-field@0.1.0
100 silly currentTree +-- arr-diff@2.0.0
100 silly currentTree +-- arr-flatten@1.0.1
100 silly currentTree +-- array-flatten@1.1.1
100 silly currentTree +-- array-unique@0.2.1
100 silly currentTree +-- asap@1.0.0
100 silly currentTree +-- async@0.2.10
100 silly currentTree +-- atob@1.1.3
100 silly currentTree +-- balanced-match@0.4.2
100 silly currentTree +-- base64-url@1.3.3
100 silly currentTree +-- basic-auth@1.0.4
100 silly currentTree +-- bluebird@2.10.2
100 silly currentTree +-- body-parser@1.15.2
100 silly currentTree +-- brace-expansion@1.1.6
100 silly currentTree +-- braces@1.8.5
100 silly currentTree +-- bson@0.5.7
100 silly currentTree +-- buffer-shims@1.0.0
100 silly currentTree +-- builtin-modules@1.1.1
100 silly currentTree +-- busboy@0.2.13
100 silly currentTree | +-- isarray@0.0.1
100 silly currentTree | `-- readable-stream@1.1.14
100 silly currentTree +-- bytes@2.4.0
100 silly currentTree +-- camelcase@1.2.1
100 silly currentTree +-- chalk@1.1.3
100 silly currentTree +-- character-parser@1.2.1
100 silly currentTree +-- clean-css@3.4.21
100 silly currentTree | +-- commander@2.8.1
100 silly currentTree | `-- source-map@0.4.4
100 silly currentTree +-- cliui@3.2.0
100 silly currentTree +-- clone-stats@0.0.1
100 silly currentTree +-- clone@1.0.2
100 silly currentTree +-- code-point-at@1.1.0
100 silly currentTree +-- commander@2.6.0
100 silly currentTree +-- concat-map@0.0.1
100 silly currentTree +-- concat-stream@1.5.2
100 silly currentTree | `-- readable-stream@2.0.6
100 silly currentTree +-- constantinople@3.0.2
100 silly currentTree +-- content-disposition@0.5.1
100 silly currentTree +-- content-type@1.0.2
100 silly currentTree +-- convert-source-map@1.3.0
100 silly currentTree +-- cookie-parser@1.4.3
100 silly currentTree +-- cookie-signature@1.0.6
100 silly currentTree +-- cookie@0.3.1
100 silly currentTree +-- core-util-is@1.0.2
100 silly currentTree +-- crc@3.4.1
100 silly currentTree +-- css-parse@1.0.4
100 silly currentTree +-- css-stringify@1.0.5
100 silly currentTree +-- css@1.0.8
100 silly currentTree +-- debug-fabulous@0.0.4
100 silly currentTree | `-- object-assign@4.1.0
100 silly currentTree +-- debug@2.2.0
100 silly currentTree +-- decamelize@1.2.0
100 silly currentTree +-- depd@1.1.0
100 silly currentTree +-- destroy@1.0.4
100 silly currentTree +-- detect-newline@2.1.0
100 silly currentTree +-- dicer@0.2.5
100 silly currentTree | +-- isarray@0.0.1
100 silly currentTree | `-- readable-stream@1.1.14
100 silly currentTree +-- duplexify@3.5.0
100 silly currentTree +-- ee-first@1.1.1
100 silly currentTree +-- encodeurl@1.0.1
100 silly currentTree +-- end-of-stream@1.0.0
100 silly currentTree +-- error-ex@1.3.0
100 silly currentTree +-- es6-promise@3.2.1
100 silly currentTree +-- escape-html@1.0.3
100 silly currentTree +-- escape-string-regexp@1.0.5
100 silly currentTree +-- etag@1.7.0
100 silly currentTree +-- expand-brackets@0.1.5
100 silly currentTree +-- expand-range@1.8.2
100 silly currentTree +-- express-session@1.14.2
100 silly currentTree +-- express@4.14.0
100 silly currentTree | `-- debug@2.2.0
100 silly currentTree +-- extend-shallow@2.0.1
100 silly currentTree +-- extend@3.0.0
100 silly currentTree +-- extglob@0.3.2
100 silly currentTree | `-- is-extglob@1.0.0
100 silly currentTree +-- filename-regex@2.0.0
100 silly currentTree +-- fill-range@2.2.3
100 silly currentTree +-- finalhandler@0.5.0
100 silly currentTree | `-- debug@2.2.0
100 silly currentTree +-- find-up@1.1.2
100 silly currentTree +-- first-chunk-stream@1.0.0
100 silly currentTree +-- for-in@0.1.6
100 silly currentTree +-- for-own@0.1.4
100 silly currentTree +-- formidable@1.0.17
100 silly currentTree +-- forwarded@0.1.0
100 silly currentTree +-- fresh@0.3.0
100 silly currentTree +-- glob-base@0.3.0
100 silly currentTree | +-- glob-parent@2.0.0
100 silly currentTree | +-- is-extglob@1.0.0
100 silly currentTree | `-- is-glob@2.0.1
100 silly currentTree +-- glob-parent@3.0.1
100 silly currentTree +-- glob-stream@5.3.5
100 silly currentTree | +-- isarray@0.0.1
100 silly currentTree | +-- readable-stream@1.0.34
100 silly currentTree | `-- through2@0.6.5
100 silly currentTree +-- glob@5.0.15
100 silly currentTree +-- graceful-fs@4.1.11
100 silly currentTree +-- graceful-readlink@1.0.1
100 silly currentTree +-- gulp-sourcemaps@1.9.1
100 silly currentTree | +-- acorn@4.0.3
100 silly currentTree | `-- css@2.2.1
100 silly currentTree |   `-- source-map@0.1.43
100 silly currentTree +-- has-ansi@2.0.0
100 silly currentTree +-- hooks-fixed@1.2.0
100 silly currentTree +-- hosted-git-info@2.1.5
100 silly currentTree +-- http-errors@1.5.1
100 silly currentTree +-- iconv-lite@0.4.13
100 silly currentTree +-- inflight@1.0.6
100 silly currentTree +-- inherits@2.0.3
100 silly currentTree +-- invert-kv@1.0.0
100 silly currentTree +-- ipaddr.js@1.1.1
100 silly currentTree +-- is-arrayish@0.2.1
100 silly currentTree +-- is-buffer@1.1.4
100 silly currentTree +-- is-builtin-module@1.0.0
100 silly currentTree +-- is-dotfile@1.0.2
100 silly currentTree +-- is-equal-shallow@0.1.3
100 silly currentTree +-- is-extendable@0.1.1
100 silly currentTree +-- is-extglob@2.1.0
100 silly currentTree +-- is-fullwidth-code-point@1.0.0
100 silly currentTree +-- is-glob@3.1.0
100 silly currentTree +-- is-number@2.1.0
100 silly currentTree +-- is-posix-bracket@0.1.1
100 silly currentTree +-- is-primitive@2.0.0
100 silly currentTree +-- is-promise@2.1.0
100 silly currentTree +-- is-stream@1.1.0
100 silly currentTree +-- is-utf8@0.2.1
100 silly currentTree +-- is-valid-glob@0.3.0
100 silly currentTree +-- isarray@1.0.0
100 silly currentTree +-- isobject@2.1.0
100 silly currentTree +-- jade@1.11.0
100 silly currentTree +-- json-stable-stringify@1.0.1
100 silly currentTree +-- jsonify@0.0.0
100 silly currentTree +-- jstransformer@0.0.2
100 silly currentTree +-- kareem@1.1.3
100 silly currentTree +-- kind-of@3.1.0
100 silly currentTree +-- lazy-debug-legacy@0.0.1
100 silly currentTree +-- lazystream@1.0.0
100 silly currentTree +-- lcid@1.0.0
100 silly currentTree +-- load-json-file@1.1.0
100 silly currentTree +-- lodash._reinterpolate@3.0.0
100 silly currentTree +-- lodash.assign@4.2.0
100 silly currentTree +-- lodash.assigninwith@4.2.0
100 silly currentTree +-- lodash.isequal@4.4.0
100 silly currentTree +-- lodash.keys@4.2.0
100 silly currentTree +-- lodash.rest@4.0.5
100 silly currentTree +-- lodash.template@4.2.4
100 silly currentTree +-- lodash.templatesettings@4.1.0
100 silly currentTree +-- lodash.tostring@4.1.4
100 silly currentTree +-- lodash@4.17.2
100 silly currentTree +-- map-stream@0.0.6
100 silly currentTree +-- media-typer@0.3.0
100 silly currentTree +-- merge-descriptors@1.0.1
100 silly currentTree +-- merge-stream@1.0.1
100 silly currentTree +-- methods@1.1.2
100 silly currentTree +-- micromatch@2.3.11
100 silly currentTree | +-- is-extglob@1.0.0
100 silly currentTree | `-- is-glob@2.0.1
100 silly currentTree +-- mime-db@1.25.0
100 silly currentTree +-- mime-types@2.1.13
100 silly currentTree +-- mime@1.3.4
100 silly currentTree +-- minimatch@3.0.3
100 silly currentTree +-- minimist@0.0.10
100 silly currentTree +-- mkdirp@0.5.1
100 silly currentTree | `-- minimist@0.0.8
100 silly currentTree +-- module@1.2.5
100 silly currentTree | +-- camelcase@2.1.1
100 silly currentTree | +-- concat-stream@1.5.1
100 silly currentTree | +-- readable-stream@2.0.6
100 silly currentTree | +-- window-size@0.2.0
100 silly currentTree | `-- yargs@4.6.0
100 silly currentTree +-- mongodb-core@2.0.14
100 silly currentTree +-- mongodb@2.2.12
100 silly currentTree +-- mongoose@4.7.2
100 silly currentTree | +-- async@2.1.4
100 silly currentTree | `-- ms@0.7.2
100 silly currentTree +-- morgan@1.7.0
100 silly currentTree +-- mpath@0.2.1
100 silly currentTree +-- mpromise@0.5.5
100 silly currentTree +-- mquery@2.0.0
100 silly currentTree | `-- sliced@0.0.5
100 silly currentTree +-- ms@0.7.1
100 silly currentTree +-- multer@1.2.0
100 silly currentTree +-- muri@1.1.1
100 silly currentTree +-- negotiator@0.6.1
100 silly currentTree +-- normalize-package-data@2.3.5
100 silly currentTree +-- normalize-path@2.0.1
100 silly currentTree +-- npm-debug.log
100 silly currentTree +-- number-is-nan@1.0.1
100 silly currentTree +-- object-assign@3.0.0
100 silly currentTree +-- object.omit@2.0.1
100 silly currentTree +-- on-finished@2.3.0
100 silly currentTree +-- on-headers@1.0.1
100 silly currentTree +-- once@1.3.3
100 silly currentTree +-- optimist@0.6.1
100 silly currentTree +-- ordered-read-streams@0.3.0
100 silly currentTree +-- os-homedir@1.0.2
100 silly currentTree +-- os-locale@1.4.0
100 silly currentTree +-- parse-glob@3.0.4
100 silly currentTree | +-- is-extglob@1.0.0
100 silly currentTree | `-- is-glob@2.0.1
100 silly currentTree +-- parse-json@2.2.0
100 silly currentTree +-- parseurl@1.3.1
100 silly currentTree +-- path-dirname@1.0.2
100 silly currentTree +-- path-exists@2.1.0
100 silly currentTree +-- path-is-absolute@1.0.1
100 silly currentTree +-- path-to-regexp@0.1.7
100 silly currentTree +-- path-type@1.1.0
100 silly currentTree +-- pify@2.3.0
100 silly currentTree +-- pinkie-promise@2.0.1
100 silly currentTree +-- pinkie@2.0.4
100 silly currentTree +-- pkg-conf@1.1.3
100 silly currentTree | `-- object-assign@4.1.0
100 silly currentTree +-- preserve@0.2.0
100 silly currentTree +-- process-nextick-args@1.0.7
100 silly currentTree +-- promise@6.1.0
100 silly currentTree +-- proxy-addr@1.1.2
100 silly currentTree +-- qs@6.2.0
100 silly currentTree +-- random-bytes@1.0.0
100 silly currentTree +-- randomatic@1.1.6
100 silly currentTree +-- range-parser@1.2.0
100 silly currentTree +-- raw-body@2.1.7
100 silly currentTree +-- read-pkg-up@1.0.1
100 silly currentTree +-- read-pkg@1.1.0
100 silly currentTree +-- readable-stream@2.1.5
100 silly currentTree +-- regex-cache@0.4.3
100 silly currentTree +-- regexp-clone@0.0.1
100 silly currentTree +-- repeat-element@1.1.2
100 silly currentTree +-- repeat-string@1.6.1
100 silly currentTree +-- replace-ext@0.0.1
100 silly currentTree +-- require_optional@1.0.0
100 silly currentTree +-- require-main-filename@1.0.1
100 silly currentTree +-- resolve-from@2.0.0
100 silly currentTree +-- resolve-url@0.2.1
100 silly currentTree +-- semver@5.3.0
100 silly currentTree +-- send@0.14.1
100 silly currentTree | `-- debug@2.2.0
100 silly currentTree +-- serve-favicon@2.3.2
100 silly currentTree | `-- ms@0.7.2
100 silly currentTree +-- serve-static@1.11.1
100 silly currentTree +-- setprototypeof@1.0.2
100 silly currentTree +-- sliced@1.0.1
100 silly currentTree +-- source-map-resolve@0.3.1
100 silly currentTree +-- source-map-url@0.3.0
100 silly currentTree +-- source-map@0.1.34
100 silly currentTree +-- spdx-correct@1.0.2
100 silly currentTree +-- spdx-expression-parse@1.0.4
100 silly currentTree +-- spdx-license-ids@1.2.2
100 silly currentTree +-- statuses@1.3.1
100 silly currentTree +-- stream-shift@1.0.0
100 silly currentTree +-- streamsearch@0.1.2
100 silly currentTree +-- string_decoder@0.10.31
100 silly currentTree +-- string-width@1.0.2
100 silly currentTree +-- strip-ansi@3.0.1
100 silly currentTree +-- strip-bom-stream@1.0.0
100 silly currentTree +-- strip-bom@2.0.0
100 silly currentTree +-- supports-color@2.0.0
100 silly currentTree +-- swig@1.4.2
100 silly currentTree +-- symbol@0.2.3
100 silly currentTree +-- through2-filter@2.0.0
100 silly currentTree +-- through2@2.0.3
100 silly currentTree +-- tildify@1.2.0
100 silly currentTree +-- to-absolute-glob@0.1.1
100 silly currentTree +-- transformers@2.1.0
100 silly currentTree | +-- is-promise@1.0.1
100 silly currentTree | +-- optimist@0.3.7
100 silly currentTree | +-- promise@2.0.0
100 silly currentTree | `-- uglify-js@2.2.5
100 silly currentTree +-- type-is@1.6.14
100 silly currentTree +-- typedarray@0.0.6
100 silly currentTree +-- uglify-js@2.4.24
100 silly currentTree +-- uglify-to-browserify@1.0.2
100 silly currentTree +-- uid-safe@2.1.3
100 silly currentTree +-- unique-stream@2.2.1
100 silly currentTree +-- unpipe@1.0.0
100 silly currentTree +-- urix@0.1.0
100 silly currentTree +-- util-deprecate@1.0.2
100 silly currentTree +-- utils-merge@1.0.0
100 silly currentTree +-- vali-date@1.0.0
100 silly currentTree +-- validate-npm-package-license@3.0.1
100 silly currentTree +-- vary@1.1.0
100 silly currentTree +-- vinyl-fs@2.4.3
100 silly currentTree | `-- object-assign@4.1.0
100 silly currentTree +-- vinyl@1.2.0
100 silly currentTree +-- void-elements@2.0.1
100 silly currentTree +-- window-size@0.1.0
100 silly currentTree +-- with@4.0.3
100 silly currentTree | `-- acorn@1.2.2
100 silly currentTree +-- wordwrap@0.0.3
100 silly currentTree +-- wrap-ansi@2.1.0
100 silly currentTree +-- wrappy@1.0.2
100 silly currentTree +-- xtend@4.0.1
100 silly currentTree +-- y18n@3.2.1
100 silly currentTree +-- yargs-parser@2.4.1
100 silly currentTree | `-- camelcase@3.0.0
100 silly currentTree `-- yargs@3.5.4
100 silly currentTree   `-- wordwrap@0.0.2
101 silly idealTree bookapp@0.0.0
101 silly idealTree +-- accepts@1.3.3
101 silly idealTree +-- acorn-globals@1.0.9
101 silly idealTree +-- acorn@2.7.0
101 silly idealTree +-- amdefine@1.0.1
101 silly idealTree +-- ansi-regex@2.0.0
101 silly idealTree +-- ansi-styles@2.2.1
101 silly idealTree +-- append-field@0.1.0
101 silly idealTree +-- arr-diff@2.0.0
101 silly idealTree +-- arr-flatten@1.0.1
101 silly idealTree +-- array-flatten@1.1.1
101 silly idealTree +-- array-unique@0.2.1
101 silly idealTree +-- asap@1.0.0
101 silly idealTree +-- async@0.2.10
101 silly idealTree +-- atob@1.1.3
101 silly idealTree +-- balanced-match@0.4.2
101 silly idealTree +-- base64-url@1.3.3
101 silly idealTree +-- basic-auth@1.0.4
101 silly idealTree +-- bluebird@2.10.2
101 silly idealTree +-- body-parser@1.15.2
101 silly idealTree +-- brace-expansion@1.1.6
101 silly idealTree +-- braces@1.8.5
101 silly idealTree +-- bson@0.5.7
101 silly idealTree +-- buffer-shims@1.0.0
101 silly idealTree +-- builtin-modules@1.1.1
101 silly idealTree +-- busboy@0.2.13
101 silly idealTree | +-- isarray@0.0.1
101 silly idealTree | `-- readable-stream@1.1.14
101 silly idealTree +-- bytes@2.4.0
101 silly idealTree +-- camelcase@1.2.1
101 silly idealTree +-- chalk@1.1.3
101 silly idealTree +-- character-parser@1.2.1
101 silly idealTree +-- clean-css@3.4.21
101 silly idealTree | +-- commander@2.8.1
101 silly idealTree | `-- source-map@0.4.4
101 silly idealTree +-- cliui@3.2.0
101 silly idealTree +-- clone-stats@0.0.1
101 silly idealTree +-- clone@1.0.2
101 silly idealTree +-- code-point-at@1.1.0
101 silly idealTree +-- commander@2.6.0
101 silly idealTree +-- concat-map@0.0.1
101 silly idealTree +-- concat-stream@1.5.2
101 silly idealTree | `-- readable-stream@2.0.6
101 silly idealTree +-- constantinople@3.0.2
101 silly idealTree +-- content-disposition@0.5.1
101 silly idealTree +-- content-type@1.0.2
101 silly idealTree +-- convert-source-map@1.3.0
101 silly idealTree +-- cookie-parser@1.4.3
101 silly idealTree +-- cookie-signature@1.0.6
101 silly idealTree +-- cookie@0.3.1
101 silly idealTree +-- core-util-is@1.0.2
101 silly idealTree +-- crc@3.4.1
101 silly idealTree +-- css-parse@1.0.4
101 silly idealTree +-- css-stringify@1.0.5
101 silly idealTree +-- css@1.0.8
101 silly idealTree +-- debug-fabulous@0.0.4
101 silly idealTree | `-- object-assign@4.1.0
101 silly idealTree +-- debug@2.2.0
101 silly idealTree +-- decamelize@1.2.0
101 silly idealTree +-- depd@1.1.0
101 silly idealTree +-- destroy@1.0.4
101 silly idealTree +-- detect-newline@2.1.0
101 silly idealTree +-- dicer@0.2.5
101 silly idealTree | +-- isarray@0.0.1
101 silly idealTree | `-- readable-stream@1.1.14
101 silly idealTree +-- duplexify@3.5.0
101 silly idealTree +-- ee-first@1.1.1
101 silly idealTree +-- encodeurl@1.0.1
101 silly idealTree +-- end-of-stream@1.0.0
101 silly idealTree +-- error-ex@1.3.0
101 silly idealTree +-- es6-promise@3.2.1
101 silly idealTree +-- escape-html@1.0.3
101 silly idealTree +-- escape-string-regexp@1.0.5
101 silly idealTree +-- etag@1.7.0
101 silly idealTree +-- expand-brackets@0.1.5
101 silly idealTree +-- expand-range@1.8.2
101 silly idealTree +-- express-session@1.14.2
101 silly idealTree +-- express@4.14.0
101 silly idealTree | `-- debug@2.2.0
101 silly idealTree +-- extend-shallow@2.0.1
101 silly idealTree +-- extend@3.0.0
101 silly idealTree +-- extglob@0.3.2
101 silly idealTree | `-- is-extglob@1.0.0
101 silly idealTree +-- filename-regex@2.0.0
101 silly idealTree +-- fill-range@2.2.3
101 silly idealTree +-- finalhandler@0.5.0
101 silly idealTree | `-- debug@2.2.0
101 silly idealTree +-- find-up@1.1.2
101 silly idealTree +-- first-chunk-stream@1.0.0
101 silly idealTree +-- for-in@0.1.6
101 silly idealTree +-- for-own@0.1.4
101 silly idealTree +-- formidable@1.0.17
101 silly idealTree +-- forwarded@0.1.0
101 silly idealTree +-- fresh@0.3.0
101 silly idealTree +-- glob-base@0.3.0
101 silly idealTree | +-- glob-parent@2.0.0
101 silly idealTree | +-- is-extglob@1.0.0
101 silly idealTree | `-- is-glob@2.0.1
101 silly idealTree +-- glob-parent@3.0.1
101 silly idealTree +-- glob-stream@5.3.5
101 silly idealTree | +-- isarray@0.0.1
101 silly idealTree | +-- readable-stream@1.0.34
101 silly idealTree | `-- through2@0.6.5
101 silly idealTree +-- glob@5.0.15
101 silly idealTree +-- graceful-fs@4.1.11
101 silly idealTree +-- graceful-readlink@1.0.1
101 silly idealTree +-- graphquire@0.8.0
101 silly idealTree +-- gulp-sourcemaps@1.9.1
101 silly idealTree | +-- acorn@4.0.3
101 silly idealTree | `-- css@2.2.1
101 silly idealTree |   `-- source-map@0.1.43
101 silly idealTree +-- has-ansi@2.0.0
101 silly idealTree +-- hooks-fixed@1.2.0
101 silly idealTree +-- hosted-git-info@2.1.5
101 silly idealTree +-- http-errors@1.5.1
101 silly idealTree +-- iconv-lite@0.4.13
101 silly idealTree +-- inflight@1.0.6
101 silly idealTree +-- inherits@2.0.3
101 silly idealTree +-- invert-kv@1.0.0
101 silly idealTree +-- ipaddr.js@1.1.1
101 silly idealTree +-- is-arrayish@0.2.1
101 silly idealTree +-- is-buffer@1.1.4
101 silly idealTree +-- is-builtin-module@1.0.0
101 silly idealTree +-- is-dotfile@1.0.2
101 silly idealTree +-- is-equal-shallow@0.1.3
101 silly idealTree +-- is-extendable@0.1.1
101 silly idealTree +-- is-extglob@2.1.0
101 silly idealTree +-- is-fullwidth-code-point@1.0.0
101 silly idealTree +-- is-glob@3.1.0
101 silly idealTree +-- is-number@2.1.0
101 silly idealTree +-- is-posix-bracket@0.1.1
101 silly idealTree +-- is-primitive@2.0.0
101 silly idealTree +-- is-promise@2.1.0
101 silly idealTree +-- is-stream@1.1.0
101 silly idealTree +-- is-utf8@0.2.1
101 silly idealTree +-- is-valid-glob@0.3.0
101 silly idealTree +-- isarray@1.0.0
101 silly idealTree +-- isobject@2.1.0
101 silly idealTree +-- jade@1.11.0
101 silly idealTree +-- json-stable-stringify@1.0.1
101 silly idealTree +-- jsonify@0.0.0
101 silly idealTree +-- jstransformer@0.0.2
101 silly idealTree +-- kareem@1.1.3
101 silly idealTree +-- kind-of@3.1.0
101 silly idealTree +-- lazy-debug-legacy@0.0.1
101 silly idealTree +-- lazystream@1.0.0
101 silly idealTree +-- lcid@1.0.0
101 silly idealTree +-- load-json-file@1.1.0
101 silly idealTree +-- lodash._reinterpolate@3.0.0
101 silly idealTree +-- lodash.assign@4.2.0
101 silly idealTree +-- lodash.assigninwith@4.2.0
101 silly idealTree +-- lodash.isequal@4.4.0
101 silly idealTree +-- lodash.keys@4.2.0
101 silly idealTree +-- lodash.rest@4.0.5
101 silly idealTree +-- lodash.template@4.2.4
101 silly idealTree +-- lodash.templatesettings@4.1.0
101 silly idealTree +-- lodash.tostring@4.1.4
101 silly idealTree +-- lodash@4.17.2
101 silly idealTree +-- map-stream@0.0.6
101 silly idealTree +-- media-typer@0.3.0
101 silly idealTree +-- merge-descriptors@1.0.1
101 silly idealTree +-- merge-stream@1.0.1
101 silly idealTree +-- methods@1.1.2
101 silly idealTree +-- micromatch@2.3.11
101 silly idealTree | +-- is-extglob@1.0.0
101 silly idealTree | `-- is-glob@2.0.1
101 silly idealTree +-- mime-db@1.25.0
101 silly idealTree +-- mime-types@2.1.13
101 silly idealTree +-- mime@1.3.4
101 silly idealTree +-- minimatch@3.0.3
101 silly idealTree +-- minimist@0.0.10
101 silly idealTree +-- mkdirp@0.5.1
101 silly idealTree | `-- minimist@0.0.8
101 silly idealTree +-- models@0.2.0
101 silly idealTree +-- module@1.2.5
101 silly idealTree | +-- camelcase@2.1.1
101 silly idealTree | +-- concat-stream@1.5.1
101 silly idealTree | +-- readable-stream@2.0.6
101 silly idealTree | +-- window-size@0.2.0
101 silly idealTree | `-- yargs@4.6.0
101 silly idealTree +-- mongodb-core@2.0.14
101 silly idealTree +-- mongodb@2.2.12
101 silly idealTree +-- mongoose@4.7.2
101 silly idealTree | +-- async@2.1.4
101 silly idealTree | `-- ms@0.7.2
101 silly idealTree +-- morgan@1.7.0
101 silly idealTree +-- mpath@0.2.1
101 silly idealTree +-- mpromise@0.5.5
101 silly idealTree +-- mquery@2.0.0
101 silly idealTree | `-- sliced@0.0.5
101 silly idealTree +-- ms@0.7.1
101 silly idealTree +-- multer@1.2.0
101 silly idealTree +-- muri@1.1.1
101 silly idealTree +-- negotiator@0.6.1
101 silly idealTree +-- normalize-package-data@2.3.5
101 silly idealTree +-- normalize-path@2.0.1
101 silly idealTree +-- npm-debug.log
101 silly idealTree +-- number-is-nan@1.0.1
101 silly idealTree +-- object-assign@3.0.0
101 silly idealTree +-- object.omit@2.0.1
101 silly idealTree +-- on-finished@2.3.0
101 silly idealTree +-- on-headers@1.0.1
101 silly idealTree +-- once@1.3.3
101 silly idealTree +-- optimist@0.6.1
101 silly idealTree +-- ordered-read-streams@0.3.0
101 silly idealTree +-- os-homedir@1.0.2
101 silly idealTree +-- os-locale@1.4.0
101 silly idealTree +-- parse-glob@3.0.4
101 silly idealTree | +-- is-extglob@1.0.0
101 silly idealTree | `-- is-glob@2.0.1
101 silly idealTree +-- parse-json@2.2.0
101 silly idealTree +-- parseurl@1.3.1
101 silly idealTree +-- path-dirname@1.0.2
101 silly idealTree +-- path-exists@2.1.0
101 silly idealTree +-- path-is-absolute@1.0.1
101 silly idealTree +-- path-to-regexp@0.1.7
101 silly idealTree +-- path-type@1.1.0
101 silly idealTree +-- pify@2.3.0
101 silly idealTree +-- pinkie-promise@2.0.1
101 silly idealTree +-- pinkie@2.0.4
101 silly idealTree +-- pkg-conf@1.1.3
101 silly idealTree | `-- object-assign@4.1.0
101 silly idealTree +-- preserve@0.2.0
101 silly idealTree +-- process-nextick-args@1.0.7
101 silly idealTree +-- promise@6.1.0
101 silly idealTree +-- proxy-addr@1.1.2
101 silly idealTree +-- qs@6.2.0
101 silly idealTree +-- random-bytes@1.0.0
101 silly idealTree +-- randomatic@1.1.6
101 silly idealTree +-- range-parser@1.2.0
101 silly idealTree +-- raw-body@2.1.7
101 silly idealTree +-- read-pkg-up@1.0.1
101 silly idealTree +-- read-pkg@1.1.0
101 silly idealTree +-- readable-stream@2.1.5
101 silly idealTree +-- regex-cache@0.4.3
101 silly idealTree +-- regexp-clone@0.0.1
101 silly idealTree +-- repeat-element@1.1.2
101 silly idealTree +-- repeat-string@1.6.1
101 silly idealTree +-- replace-ext@0.0.1
101 silly idealTree +-- require_optional@1.0.0
101 silly idealTree +-- require-main-filename@1.0.1
101 silly idealTree +-- resolve-from@2.0.0
101 silly idealTree +-- resolve-url@0.2.1
101 silly idealTree +-- semver@5.3.0
101 silly idealTree +-- send@0.14.1
101 silly idealTree | `-- debug@2.2.0
101 silly idealTree +-- serve-favicon@2.3.2
101 silly idealTree | `-- ms@0.7.2
101 silly idealTree +-- serve-static@1.11.1
101 silly idealTree +-- setprototypeof@1.0.2
101 silly idealTree +-- sliced@1.0.1
101 silly idealTree +-- source-map-resolve@0.3.1
101 silly idealTree +-- source-map-url@0.3.0
101 silly idealTree +-- source-map@0.1.34
101 silly idealTree +-- spdx-correct@1.0.2
101 silly idealTree +-- spdx-expression-parse@1.0.4
101 silly idealTree +-- spdx-license-ids@1.2.2
101 silly idealTree +-- statuses@1.3.1
101 silly idealTree +-- stream-shift@1.0.0
101 silly idealTree +-- streamsearch@0.1.2
101 silly idealTree +-- string_decoder@0.10.31
101 silly idealTree +-- string-width@1.0.2
101 silly idealTree +-- strip-ansi@3.0.1
101 silly idealTree +-- strip-bom-stream@1.0.0
101 silly idealTree +-- strip-bom@2.0.0
101 silly idealTree +-- supports-color@2.0.0
101 silly idealTree +-- swig@1.4.2
101 silly idealTree +-- symbol@0.2.3
101 silly idealTree +-- through2-filter@2.0.0
101 silly idealTree +-- through2@2.0.3
101 silly idealTree +-- tildify@1.2.0
101 silly idealTree +-- to-absolute-glob@0.1.1
101 silly idealTree +-- transformers@2.1.0
101 silly idealTree | +-- is-promise@1.0.1
101 silly idealTree | +-- optimist@0.3.7
101 silly idealTree | +-- promise@2.0.0
101 silly idealTree | `-- uglify-js@2.2.5
101 silly idealTree +-- type-is@1.6.14
101 silly idealTree +-- typedarray@0.0.6
101 silly idealTree +-- uglify-js@2.4.24
101 silly idealTree +-- uglify-to-browserify@1.0.2
101 silly idealTree +-- uid-safe@2.1.3
101 silly idealTree +-- unique-stream@2.2.1
101 silly idealTree +-- unpipe@1.0.0
101 silly idealTree +-- urix@0.1.0
101 silly idealTree +-- util-deprecate@1.0.2
101 silly idealTree +-- utils-merge@1.0.0
101 silly idealTree +-- vali-date@1.0.0
101 silly idealTree +-- validate-npm-package-license@3.0.1
101 silly idealTree +-- vary@1.1.0
101 silly idealTree +-- vinyl-fs@2.4.3
101 silly idealTree | `-- object-assign@4.1.0
101 silly idealTree +-- vinyl@1.2.0
101 silly idealTree +-- void-elements@2.0.1
101 silly idealTree +-- window-size@0.1.0
101 silly idealTree +-- with@4.0.3
101 silly idealTree | `-- acorn@1.2.2
101 silly idealTree +-- wordwrap@0.0.3
101 silly idealTree +-- wrap-ansi@2.1.0
101 silly idealTree +-- wrappy@1.0.2
101 silly idealTree +-- xtend@4.0.1
101 silly idealTree +-- y18n@3.2.1
101 silly idealTree +-- yargs-parser@2.4.1
101 silly idealTree | `-- camelcase@3.0.0
101 silly idealTree `-- yargs@3.5.4
101 silly idealTree   `-- wordwrap@0.0.2
102 silly generateActionsToTake Starting
103 silly install generateActionsToTake
104 silly generateActionsToTake Finishing
105 silly diffTrees action count 2
106 silly diffTrees add graphquire@0.8.0
107 silly diffTrees add models@0.2.0
108 silly decomposeActions action count 16
109 silly decomposeActions fetch graphquire@0.8.0
110 silly decomposeActions extract graphquire@0.8.0
111 silly decomposeActions test graphquire@0.8.0
112 silly decomposeActions preinstall graphquire@0.8.0
113 silly decomposeActions build graphquire@0.8.0
114 silly decomposeActions install graphquire@0.8.0
115 silly decomposeActions postinstall graphquire@0.8.0
116 silly decomposeActions finalize graphquire@0.8.0
117 silly decomposeActions fetch models@0.2.0
118 silly decomposeActions extract models@0.2.0
119 silly decomposeActions test models@0.2.0
120 silly decomposeActions preinstall models@0.2.0
121 silly decomposeActions build models@0.2.0
122 silly decomposeActions install models@0.2.0
123 silly decomposeActions postinstall models@0.2.0
124 silly decomposeActions finalize models@0.2.0
125 silly runTopLevelLifecycles Starting
126 silly executeActions Starting
127 silly install executeActions
128 silly doSerial global-install 0
129 silly doParallel fetch 2
130 verbose correctMkdir C:\Users\Administrator\AppData\Roaming\npm-cache\_locks correctMkdir not in flight; initializing
131 verbose lock using C:\Users\Administrator\AppData\Roaming\npm-cache\_locks\staging-ba23908b2105573f.lock for D:\second-hand-book\bookapp\node_modules\.staging
132 silly doParallel extract 2
133 silly extract graphquire@0.8.0
134 silly extract models@0.2.0
135 verbose unbuild node_modules\.staging\models-c02365b7
136 verbose unbuild node_modules\.staging\graphquire-cf12033c
137 silly gentlyRm D:\second-hand-book\bookapp\node_modules\.staging\models-c02365b7 is being purged from base D:\second-hand-book\bookapp
138 verbose gentlyRm don't care about contents; nuking D:\second-hand-book\bookapp\node_modules\.staging\models-c02365b7
139 silly gentlyRm D:\second-hand-book\bookapp\node_modules\.staging\graphquire-cf12033c is being purged from base D:\second-hand-book\bookapp
140 verbose gentlyRm don't care about contents; nuking D:\second-hand-book\bookapp\node_modules\.staging\graphquire-cf12033c
141 verbose tar unpack C:\Users\Administrator\AppData\Roaming\npm-cache\models\0.2.0\package.tgz
142 verbose tar unpacking to D:\second-hand-book\bookapp\node_modules\.staging\models-c02365b7
143 silly gentlyRm D:\second-hand-book\bookapp\node_modules\.staging\models-c02365b7 is being purged
144 verbose gentlyRm don't care about contents; nuking D:\second-hand-book\bookapp\node_modules\.staging\models-c02365b7
145 verbose tar unpack C:\Users\Administrator\AppData\Roaming\npm-cache\graphquire\0.8.0\package.tgz
146 verbose tar unpacking to D:\second-hand-book\bookapp\node_modules\.staging\graphquire-cf12033c
147 silly gentlyRm D:\second-hand-book\bookapp\node_modules\.staging\graphquire-cf12033c is being purged
148 verbose gentlyRm don't care about contents; nuking D:\second-hand-book\bookapp\node_modules\.staging\graphquire-cf12033c
149 silly gunzTarPerm modes [ '777', '666' ]
150 silly gunzTarPerm modes [ '777', '666' ]
151 silly gunzTarPerm extractEntry .gitignore
152 silly gunzTarPerm modified mode [ '.gitignore', 420, 438 ]
153 silly gunzTarPerm extractEntry .fs-utils.js.un~
154 silly gunzTarPerm modified mode [ '.fs-utils.js.un~', 420, 438 ]
155 silly gunzTarPerm extractEntry .package.json.un~
156 silly gunzTarPerm modified mode [ '.package.json.un~', 420, 438 ]
157 silly gunzTarPerm extractEntry History.md
158 silly gunzTarPerm modified mode [ 'History.md', 420, 438 ]
159 silly gunzTarPerm extractEntry models.js
160 silly gunzTarPerm modified mode [ 'models.js', 420, 438 ]
161 silly gunzTarPerm extractEntry package.json
162 silly gunzTarPerm modified mode [ 'package.json', 420, 438 ]
163 silly gunzTarPerm extractEntry Readme.md
164 silly gunzTarPerm modified mode [ 'Readme.md', 420, 438 ]
165 silly gunzTarPerm extractEntry tests/.test-models.js.un~
166 silly gunzTarPerm modified mode [ 'tests/.test-models.js.un~', 420, 438 ]
167 silly gunzTarPerm extractEntry .gitignore
168 silly gunzTarPerm modified mode [ '.gitignore', 420, 438 ]
169 silly gunzTarPerm extractEntry tests/test-models.js
170 silly gunzTarPerm modified mode [ 'tests/test-models.js', 420, 438 ]
171 silly gunzTarPerm extractEntry .graphquire.coffee.un~
172 silly gunzTarPerm modified mode [ '.graphquire.coffee.un~', 420, 438 ]
173 silly gunzTarPerm extractEntry .graphquire.js.un~
174 silly gunzTarPerm modified mode [ '.graphquire.js.un~', 420, 438 ]
175 silly gunzTarPerm extractEntry !raw.github.com/Gozala/events/v0.4.0/events.js
176 silly gunzTarPerm modified mode [ '!raw.github.com/Gozala/events/v0.4.0/events.js', 420, 438 ]
177 silly gunzTarPerm extractEntry !raw.github.com/Gozala/extendables/v0.2.0/extendables.js
178 silly gunzTarPerm modified mode [ '!raw.github.com/Gozala/extendables/v0.2.0/extendables.js',
178 silly gunzTarPerm   420,
178 silly gunzTarPerm   438 ]
179 silly gunzTarPerm extractEntry node_modules/!raw.github.com/Gozala/events/v0.4.0/events.js
180 silly gunzTarPerm modified mode [ 'node_modules/!raw.github.com/Gozala/events/v0.4.0/events.js',
180 silly gunzTarPerm   420,
180 silly gunzTarPerm   438 ]
181 silly gunzTarPerm extractEntry node_modules/!raw.github.com/Gozala/extendables/v0.2.0/extendables.js
182 silly gunzTarPerm modified mode [ 'node_modules/!raw.github.com/Gozala/extendables/v0.2.0/extendables.js',
182 silly gunzTarPerm   420,
182 silly gunzTarPerm   438 ]
183 silly gunzTarPerm extractEntry .History.md.un~
184 silly gunzTarPerm modified mode [ '.History.md.un~', 420, 438 ]
185 silly gunzTarPerm extractEntry .package.json.un~
186 silly gunzTarPerm modified mode [ '.package.json.un~', 420, 438 ]
187 silly gunzTarPerm extractEntry .Readme.md.un~
188 silly gunzTarPerm modified mode [ '.Readme.md.un~', 420, 438 ]
189 silly gunzTarPerm extractEntry .temp.js.un~
190 silly gunzTarPerm modified mode [ '.temp.js.un~', 420, 438 ]
191 silly gunzTarPerm extractEntry .Untitled.html.un~
192 silly gunzTarPerm modified mode [ '.Untitled.html.un~', 420, 438 ]
193 silly gunzTarPerm extractEntry graphquire.js
194 silly gunzTarPerm modified mode [ 'graphquire.js', 420, 438 ]
195 silly gunzTarPerm extractEntry History.md
196 silly gunzTarPerm modified mode [ 'History.md', 420, 438 ]
197 silly gunzTarPerm extractEntry package.json
198 silly gunzTarPerm modified mode [ 'package.json', 420, 438 ]
199 silly gunzTarPerm extractEntry Readme.md
200 silly gunzTarPerm modified mode [ 'Readme.md', 420, 438 ]
201 silly gunzTarPerm extractEntry redirects.md
202 silly gunzTarPerm modified mode [ 'redirects.md', 420, 438 ]
203 silly gunzTarPerm extractEntry temp.js
204 silly gunzTarPerm modified mode [ 'temp.js', 420, 438 ]
205 silly gunzTarPerm extractEntry bin/.graphquire.coffee.un~
206 silly gunzTarPerm modified mode [ 'bin/.graphquire.coffee.un~', 493, 511 ]
207 silly gunzTarPerm extractEntry bin/.graphquire.js.un~
208 silly gunzTarPerm modified mode [ 'bin/.graphquire.js.un~', 493, 511 ]
209 silly gunzTarPerm extractEntry bin/.teleport.js.un~
210 silly gunzTarPerm modified mode [ 'bin/.teleport.js.un~', 493, 511 ]
211 silly gunzTarPerm extractEntry bin/graphquire.js
212 silly gunzTarPerm modified mode [ 'bin/graphquire.js', 493, 511 ]
213 silly gunzTarPerm extractEntry utils/.deployment.js.un~
214 silly gunzTarPerm modified mode [ 'utils/.deployment.js.un~', 420, 438 ]
215 silly gunzTarPerm extractEntry utils/.fs.js.un~
216 silly gunzTarPerm modified mode [ 'utils/.fs.js.un~', 420, 438 ]
217 silly gunzTarPerm extractEntry utils/deployment.js
218 silly gunzTarPerm modified mode [ 'utils/deployment.js', 420, 438 ]
219 silly gunzTarPerm extractEntry utils/fs.js
220 silly gunzTarPerm modified mode [ 'utils/fs.js', 420, 438 ]
221 silly gunzTarPerm extractEntry test/.test-graphquire.js.un~
222 silly gunzTarPerm modified mode [ 'test/.test-graphquire.js.un~', 420, 438 ]
223 silly gunzTarPerm extractEntry test/.test-utils.js.un~
224 silly gunzTarPerm modified mode [ 'test/.test-utils.js.un~', 420, 438 ]
225 silly gunzTarPerm extractEntry test/test-graphquire.js
226 silly gunzTarPerm modified mode [ 'test/test-graphquire.js', 420, 438 ]
227 silly gunzTarPerm extractEntry test/test-utils.js
228 silly gunzTarPerm modified mode [ 'test/test-utils.js', 420, 438 ]
229 silly gunzTarPerm extractEntry test/fixtures/pckg-uncached/.index.js.un~
230 silly gunzTarPerm modified mode [ 'test/fixtures/pckg-uncached/.index.js.un~', 420, 438 ]
231 silly gunzTarPerm extractEntry test/fixtures/pckg-uncached/.package.json.un~
232 silly gunzTarPerm modified mode [ 'test/fixtures/pckg-uncached/.package.json.un~', 420, 438 ]
233 silly gunzTarPerm extractEntry test/fixtures/pckg-uncached/index.js
234 silly gunzTarPerm modified mode [ 'test/fixtures/pckg-uncached/index.js', 420, 438 ]
235 silly gunzTarPerm extractEntry test/fixtures/pckg-uncached/package.json
236 silly gunzTarPerm modified mode [ 'test/fixtures/pckg-uncached/package.json', 420, 438 ]
237 silly gunzTarPerm extractEntry test/fixtures/pckg-cached/.index.js.un~
238 silly gunzTarPerm modified mode [ 'test/fixtures/pckg-cached/.index.js.un~', 420, 438 ]
239 silly gunzTarPerm extractEntry test/fixtures/pckg-cached/.package.json.un~
240 silly gunzTarPerm modified mode [ 'test/fixtures/pckg-cached/.package.json.un~', 420, 438 ]
241 silly gunzTarPerm extractEntry test/fixtures/pckg-cached/index.js
242 silly gunzTarPerm modified mode [ 'test/fixtures/pckg-cached/index.js', 420, 438 ]
243 silly gunzTarPerm extractEntry test/fixtures/pckg-cached/package.json
244 silly gunzTarPerm modified mode [ 'test/fixtures/pckg-cached/package.json', 420, 438 ]
245 silly gunzTarPerm extractEntry test/fixtures/pckg-cached/node_modules/!bar.org/.package.json.un~
246 silly gunzTarPerm modified mode [ 'test/fixtures/pckg-cached/node_modules/!bar.org/.package.json.un~',
246 silly gunzTarPerm   420,
246 silly gunzTarPerm   438 ]
247 silly gunzTarPerm extractEntry test/fixtures/pckg-cached/node_modules/!bar.org/c.js
248 silly gunzTarPerm modified mode [ 'test/fixtures/pckg-cached/node_modules/!bar.org/c.js',
248 silly gunzTarPerm   420,
248 silly gunzTarPerm   438 ]
249 silly gunzTarPerm extractEntry test/fixtures/pckg-cached/node_modules/foo.org/.a.js.un~
250 silly gunzTarPerm modified mode [ 'test/fixtures/pckg-cached/node_modules/foo.org/.a.js.un~',
250 silly gunzTarPerm   420,
250 silly gunzTarPerm   438 ]
251 silly gunzTarPerm extractEntry test/fixtures/pckg-cached/node_modules/foo.org/a.js
252 silly gunzTarPerm modified mode [ 'test/fixtures/pckg-cached/node_modules/foo.org/a.js',
252 silly gunzTarPerm   420,
252 silly gunzTarPerm   438 ]
253 silly gunzTarPerm extractEntry test/fixtures/pckg-cached/node_modules/foo.org/nested/.b.js.un~
254 silly gunzTarPerm modified mode [ 'test/fixtures/pckg-cached/node_modules/foo.org/nested/.b.js.un~',
254 silly gunzTarPerm   420,
254 silly gunzTarPerm   438 ]
255 silly gunzTarPerm extractEntry test/fixtures/pckg-cached/node_modules/foo.org/nested/b.js
256 silly gunzTarPerm modified mode [ 'test/fixtures/pckg-cached/node_modules/foo.org/nested/b.js',
256 silly gunzTarPerm   420,
256 silly gunzTarPerm   438 ]
257 silly gunzTarPerm extractEntry test/fixtures/pckg-npm/.index.js.un~
258 silly gunzTarPerm modified mode [ 'test/fixtures/pckg-npm/.index.js.un~', 420, 438 ]
259 silly gunzTarPerm extractEntry test/fixtures/pckg-npm/.package.json.un~
260 silly gunzTarPerm modified mode [ 'test/fixtures/pckg-npm/.package.json.un~', 420, 438 ]
261 silly gunzTarPerm extractEntry test/fixtures/pckg-npm/index.js
262 silly gunzTarPerm modified mode [ 'test/fixtures/pckg-npm/index.js', 420, 438 ]
263 silly gunzTarPerm extractEntry test/fixtures/pckg-npm/package.json
264 silly gunzTarPerm modified mode [ 'test/fixtures/pckg-npm/package.json', 420, 438 ]
265 silly gunzTarPerm extractEntry test/fixtures/pckg-npm/node_modules/bar.org/.package.json.un~
266 silly gunzTarPerm modified mode [ 'test/fixtures/pckg-npm/node_modules/bar.org/.package.json.un~',
266 silly gunzTarPerm   420,
266 silly gunzTarPerm   438 ]
267 silly gunzTarPerm extractEntry test/fixtures/pckg-npm/node_modules/bar.org/c.js
268 silly gunzTarPerm modified mode [ 'test/fixtures/pckg-npm/node_modules/bar.org/c.js', 420, 438 ]
269 silly gunzTarPerm extractEntry test/fixtures/pckg-npm/node_modules/foo.org/.a.js.un~
270 silly gunzTarPerm modified mode [ 'test/fixtures/pckg-npm/node_modules/foo.org/.a.js.un~',
270 silly gunzTarPerm   420,
270 silly gunzTarPerm   438 ]
271 silly gunzTarPerm extractEntry test/fixtures/pckg-npm/node_modules/foo.org/a.js
272 silly gunzTarPerm modified mode [ 'test/fixtures/pckg-npm/node_modules/foo.org/a.js', 420, 438 ]
273 silly gunzTarPerm extractEntry test/fixtures/pckg-npm/node_modules/foo.org/nested/.b.js.un~
274 silly gunzTarPerm modified mode [ 'test/fixtures/pckg-npm/node_modules/foo.org/nested/.b.js.un~',
274 silly gunzTarPerm   420,
274 silly gunzTarPerm   438 ]
275 silly gentlyRm D:\second-hand-book\bookapp\node_modules\.staging\models-c02365b7\node_modules is being purged
276 verbose gentlyRm don't care about contents; nuking D:\second-hand-book\bookapp\node_modules\.staging\models-c02365b7\node_modules
277 silly vacuum-fs purging D:\second-hand-book\bookapp\node_modules\.staging\models-c02365b7\node_modules
278 silly gunzTarPerm extractEntry test/fixtures/pckg-npm/node_modules/foo.org/nested/b.js
279 silly gunzTarPerm modified mode [ 'test/fixtures/pckg-npm/node_modules/foo.org/nested/b.js',
279 silly gunzTarPerm   420,
279 silly gunzTarPerm   438 ]
280 silly gunzTarPerm extractEntry test/fixtures/pckg-npm/node_modules/dependency/.index.js.un~
281 silly gunzTarPerm modified mode [ 'test/fixtures/pckg-npm/node_modules/dependency/.index.js.un~',
281 silly gunzTarPerm   420,
281 silly gunzTarPerm   438 ]
282 silly gunzTarPerm extractEntry test/fixtures/pckg-npm/node_modules/dependency/.local.js.un~
283 silly gunzTarPerm modified mode [ 'test/fixtures/pckg-npm/node_modules/dependency/.local.js.un~',
283 silly gunzTarPerm   420,
283 silly gunzTarPerm   438 ]
284 silly gunzTarPerm extractEntry test/fixtures/pckg-npm/node_modules/dependency/.package.json.un~
285 silly gunzTarPerm modified mode [ 'test/fixtures/pckg-npm/node_modules/dependency/.package.json.un~',
285 silly gunzTarPerm   420,
285 silly gunzTarPerm   438 ]
286 silly gunzTarPerm extractEntry test/fixtures/pckg-npm/node_modules/dependency/index.js
287 silly gunzTarPerm modified mode [ 'test/fixtures/pckg-npm/node_modules/dependency/index.js',
287 silly gunzTarPerm   420,
287 silly gunzTarPerm   438 ]
288 silly gunzTarPerm extractEntry test/fixtures/pckg-npm/node_modules/dependency/local.js
289 silly gunzTarPerm modified mode [ 'test/fixtures/pckg-npm/node_modules/dependency/local.js',
289 silly gunzTarPerm   420,
289 silly gunzTarPerm   438 ]
290 silly gunzTarPerm extractEntry test/fixtures/pckg-npm/node_modules/dependency/package.json
291 silly gunzTarPerm modified mode [ 'test/fixtures/pckg-npm/node_modules/dependency/package.json',
291 silly gunzTarPerm   420,
291 silly gunzTarPerm   438 ]
292 silly gunzTarPerm extractEntry test/fixtures/pckg-npm/node_modules/dependency/node_modules/nested-dependency/.package.json.un~
293 silly gunzTarPerm modified mode [ 'test/fixtures/pckg-npm/node_modules/dependency/node_modules/nested-dependency/.package.json.un~',
293 silly gunzTarPerm   420,
293 silly gunzTarPerm   438 ]
294 silly gunzTarPerm extractEntry test/fixtures/pckg-npm/node_modules/dependency/node_modules/nested-dependency/package.json
295 silly gunzTarPerm modified mode [ 'test/fixtures/pckg-npm/node_modules/dependency/node_modules/nested-dependency/package.json',
295 silly gunzTarPerm   420,
295 silly gunzTarPerm   438 ]
296 silly gunzTarPerm extractEntry test/fixtures/pckg-npm/node_modules/dependency/node_modules/nested-dependency/lib/.main.js.un~
297 silly gunzTarPerm modified mode [ 'test/fixtures/pckg-npm/node_modules/dependency/node_modules/nested-dependency/lib/.main.js.un~',
297 silly gunzTarPerm   420,
297 silly gunzTarPerm   438 ]
298 silly gunzTarPerm extractEntry test/fixtures/pckg-npm/node_modules/dependency/node_modules/nested-dependency/lib/main.js
299 silly gunzTarPerm modified mode [ 'test/fixtures/pckg-npm/node_modules/dependency/node_modules/nested-dependency/lib/main.js',
299 silly gunzTarPerm   420,
299 silly gunzTarPerm   438 ]
300 silly vacuum-fs quitting because other entries in D:\second-hand-book\bookapp\node_modules\.staging\models-c02365b7
301 silly gentlyRm D:\second-hand-book\bookapp\node_modules\.staging\graphquire-cf12033c\node_modules is being purged
302 verbose gentlyRm don't care about contents; nuking D:\second-hand-book\bookapp\node_modules\.staging\graphquire-cf12033c\node_modules
303 silly doParallel preinstall 2
304 silly preinstall graphquire@0.8.0 D:\second-hand-book\bookapp\node_modules\.staging\graphquire-cf12033c
305 info lifecycle graphquire@0.8.0~preinstall: graphquire@0.8.0
306 silly preinstall models@0.2.0 D:\second-hand-book\bookapp\node_modules\.staging\models-c02365b7
307 info lifecycle models@0.2.0~preinstall: models@0.2.0
308 silly lifecycle graphquire@0.8.0~preinstall: no script for preinstall, continuing
309 silly lifecycle models@0.2.0~preinstall: no script for preinstall, continuing
310 silly doReverseSerial remove 0
311 silly doSerial move 0
312 silly doSerial finalize 2
313 silly finalize D:\second-hand-book\bookapp\node_modules\graphquire
314 silly finalize D:\second-hand-book\bookapp\node_modules\models
315 silly doSerial build 2
316 silly build graphquire@0.8.0
317 info linkStuff graphquire@0.8.0
318 silly linkStuff graphquire@0.8.0 has D:\second-hand-book\bookapp\node_modules as its parent node_modules
319 warn prefer global graphquire@0.8.0 should be installed with -g
320 verbose linkBins graphquire@0.8.0
321 verbose link bins [ { graphquire: './bin/graphquire.js' },
321 verbose link bins   'D:\\second-hand-book\\bookapp\\node_modules\\.bin',
321 verbose link bins   false ]
322 verbose linkMans graphquire@0.8.0
323 silly build models@0.2.0
324 info linkStuff models@0.2.0
325 silly linkStuff models@0.2.0 has D:\second-hand-book\bookapp\node_modules as its parent node_modules
326 verbose linkBins models@0.2.0
327 verbose linkMans models@0.2.0
328 silly doSerial global-link 0
329 silly doParallel update-linked 0
330 silly doSerial install 2
331 silly install graphquire@0.8.0 D:\second-hand-book\bookapp\node_modules\.staging\graphquire-cf12033c
332 info lifecycle graphquire@0.8.0~install: graphquire@0.8.0
333 silly lifecycle graphquire@0.8.0~install: no script for install, continuing
334 silly install models@0.2.0 D:\second-hand-book\bookapp\node_modules\.staging\models-c02365b7
335 info lifecycle models@0.2.0~install: models@0.2.0
336 verbose lifecycle models@0.2.0~install: unsafe-perm in lifecycle true
337 verbose lifecycle models@0.2.0~install: PATH: C:\Program Files\nodejs\node_modules\npm\bin\node-gyp-bin;D:\second-hand-book\bookapp\node_modules\models\node_modules\.bin;D:\second-hand-book\bookapp\node_modules\.bin;C:\Users\Administrator\bin;C:\Program Files\Git\mingw64\bin;C:\Program Files\Git\usr\local\bin;C:\Program Files\Git\usr\bin;C:\Program Files\Git\usr\bin;C:\Program Files\Git\mingw64\bin;C:\Program Files\Git\usr\bin;C:\Users\Administrator\bin;C:\Windows\system32;C:\Windows;C:\Windows\System32\Wbem;C:\Windows\System32\WindowsPowerShell\v1.0;C:\Program Files\nodejs;C:\mongodb\bin;C:\Program Files\Git\cmd;C:\Users\Administrator\AppData\Roaming\npm;C:\Program Files\Git\usr\bin\vendor_perl;C:\Program Files\Git\usr\bin\core_perl
338 verbose lifecycle models@0.2.0~install: CWD: D:\second-hand-book\bookapp\node_modules\models
339 silly lifecycle models@0.2.0~install: Args: [ '/d /s /c',
339 silly lifecycle   'graphquire -c -w && graphquire -c -w --cache-path ./' ]
340 silly lifecycle models@0.2.0~install: Returned: code: 1  signal: null
341 info lifecycle models@0.2.0~install: Failed to exec install script
342 verbose unlock done using C:\Users\Administrator\AppData\Roaming\npm-cache\_locks\staging-ba23908b2105573f.lock for D:\second-hand-book\bookapp\node_modules\.staging
343 silly rollbackFailedOptional Starting
344 silly rollbackFailedOptional Finishing
345 silly runTopLevelLifecycles Finishing
346 silly install printInstalled
347 verbose stack Error: models@0.2.0 install: `graphquire -c -w && graphquire -c -w --cache-path ./`
347 verbose stack Exit status 1
347 verbose stack     at EventEmitter.<anonymous> (C:\Program Files\nodejs\node_modules\npm\lib\utils\lifecycle.js:255:16)
347 verbose stack     at emitTwo (events.js:106:13)
347 verbose stack     at EventEmitter.emit (events.js:191:7)
347 verbose stack     at ChildProcess.<anonymous> (C:\Program Files\nodejs\node_modules\npm\lib\utils\spawn.js:40:14)
347 verbose stack     at emitTwo (events.js:106:13)
347 verbose stack     at ChildProcess.emit (events.js:191:7)
347 verbose stack     at maybeClose (internal/child_process.js:877:16)
347 verbose stack     at Process.ChildProcess._handle.onexit (internal/child_process.js:226:5)
348 verbose pkgid models@0.2.0
349 verbose cwd D:\second-hand-book\bookapp
350 error Windows_NT 6.1.7601
351 error argv "C:\\Program Files\\nodejs\\node.exe" "C:\\Program Files\\nodejs\\node_modules\\npm\\bin\\npm-cli.js" "i" "models" "--save"
352 error node v6.9.1
353 error npm  v3.10.8
354 error code ELIFECYCLE
355 error models@0.2.0 install: `graphquire -c -w && graphquire -c -w --cache-path ./`
355 error Exit status 1
356 error Failed at the models@0.2.0 install script 'graphquire -c -w && graphquire -c -w --cache-path ./'.
356 error Make sure you have the latest version of node.js and npm installed.
356 error If you do, this is most likely a problem with the models package,
356 error not with npm itself.
356 error Tell the author that this fails on your system:
356 error     graphquire -c -w && graphquire -c -w --cache-path ./
356 error You can get information on how to open an issue for this project with:
356 error     npm bugs models
356 error Or if that isn't available, you can get their info via:
356 error     npm owner ls models
356 error There is likely additional logging output above.
357 verbose exit [ 1, true ]
